#
# A fatal error has been detected by the Java Runtime Environment:
#
#  EXCEPTION_ACCESS_VIOLATION (0xc0000005) at pc=0x00000000573b64d0, pid=6004, tid=0x0000000000001848
#
# JRE version: OpenJDK Runtime Environment (8.0_76-b03) (build 1.8.0_76-release-b03)
# Java VM: OpenJDK 64-Bit Server VM (25.76-b03 mixed mode windows-amd64 compressed oops)
# Problematic frame:
# V  [jvm.dll+0xc64d0]
#
# Failed to write core dump. Minidumps are not enabled by default on client versions of Windows
#
# If you would like to submit a bug report, please visit:
#   http://bugreport.java.com/bugreport/crash.jsp
#

---------------  T H R E A D  ---------------

Current thread (0x0000000018bc7800):  JavaThread "Daemon worker" [_thread_in_vm, id=6216, stack(0x000000001a6f0000,0x000000001a7f0000)]

siginfo: ExceptionCode=0xc0000005, reading address 0xffffffffffffffff

Registers:
RAX=0x0000000000000011, RBX=0x0000000000000000, RCX=0x0000000000000011, RDX=0x0000000000000000
RSP=0x000000001a7e95c8, RBP=0x00000000000007ff, RSI=0x00000000e2f816a0, RDI=0x0000000000000010
R8 =0x0000000000000010, R9 =0x0000000000000010, R10=0x00000000e2f81678, R11=0x0000000000000000
R12=0x0000000000000000, R13=0x000000001d4180a0, R14=0x000000001d41ed50, R15=0x000000001d420088
RIP=0x00000000573b64d0, EFLAGS=0x0000000000010246

Top of Stack: (sp=0x000000001a7e95c8)
0x000000001a7e95c8:   0000000057542648 0000000018bc7800
0x000000001a7e95d8:   0000000018bc7800 00000000e2f817e0
0x000000001a7e95e8:   00000000573bee81 00000000e2f81678
0x000000001a7e95f8:   000000005740f350 0000000000000010
0x000000001a7e9608:   0000000018210370 0000000018bc7800
0x000000001a7e9618:   0000000057405130 000000001a7e97b8
0x000000001a7e9628:   000000005740e59e 0000000018bc7800
0x000000001a7e9638:   0000000000000000 00000000e2f817c8
0x000000001a7e9648:   000000005740e3ec 000000001a7e97b8
0x000000001a7e9658:   000000001a7e96f0 0000000018bc79e0
0x000000001a7e9668:   0000000000000010 0000000000000080
0x000000001a7e9678:   00007ffff81c1cea 0000000000018360
0x000000001a7e9688:   0000000000000010 000000001a7e9c38
0x000000001a7e9698:   0000000018bc7800 000000001a7e96f0
0x000000001a7e96a8:   000000001d41ed50 000000001a7e9aa8
0x000000001a7e96b8:   0000000000000000 0000000000000000 

Instructions: (pc=0x00000000573b64d0)
0x00000000573b64b0:   ff ff ff cc cc cc cc cc cc cc cc cc cc cc cc cc
0x00000000573b64c0:   48 8b 89 18 01 00 00 e9 14 b2 f3 ff cc cc cc cc
0x00000000573b64d0:   48 89 5c 24 08 57 48 83 ec 20 48 8b f9 8b 0d a5
0x00000000573b64e0:   df 69 00 8b da ff 15 ad 8e 4d 00 44 8b c3 48 8b 


Register to memory mapping:

RAX=0x0000000000000011 is an unknown value
RBX=0x0000000000000000 is an unknown value
RCX=0x0000000000000011 is an unknown value
RDX=0x0000000000000000 is an unknown value
RSP=0x000000001a7e95c8 is pointing into the stack for thread: 0x0000000018bc7800
RBP=0x00000000000007ff is an unknown value
RSI=0x00000000e2f816a0 is an oop

[error occurred during error reporting (printing register info), id 0xc0000005]

Stack: [0x000000001a6f0000,0x000000001a7f0000],  sp=0x000000001a7e95c8,  free space=997k
Native frames: (J=compiled Java code, j=interpreted, Vv=VM code, C=native code)
V  [jvm.dll+0xc64d0]
V  [jvm.dll+0x252648]
V  [jvm.dll+0x11f350]
C  [java.dll+0x1cea]
C  [java.dll+0x2088]
C  0x0000000002716211

Java frames: (J=compiled Java code, j=interpreted, Vv=VM code)
J 273  java.lang.ClassLoader.findBootstrapClass(Ljava/lang/String;)Ljava/lang/Class; (0 bytes) @ 0x000000000271618f [0x0000000002716140+0x4f]
J 1930 C2 java.lang.ClassLoader.loadClass(Ljava/lang/String;Z)Ljava/lang/Class; (122 bytes) @ 0x0000000002c1091c [0x0000000002c10540+0x3dc]
J 1930 C2 java.lang.ClassLoader.loadClass(Ljava/lang/String;Z)Ljava/lang/Class; (122 bytes) @ 0x0000000002c10844 [0x0000000002c10540+0x304]
J 1930 C2 java.lang.ClassLoader.loadClass(Ljava/lang/String;Z)Ljava/lang/Class; (122 bytes) @ 0x0000000002c10844 [0x0000000002c10540+0x304]
J 1930 C2 java.lang.ClassLoader.loadClass(Ljava/lang/String;Z)Ljava/lang/Class; (122 bytes) @ 0x0000000002c10844 [0x0000000002c10540+0x304]
J 2214 C2 java.lang.ClassLoader.loadClass(Ljava/lang/String;)Ljava/lang/Class; (7 bytes) @ 0x0000000002cdbe80 [0x0000000002cdbe40+0x40]
v  ~StubRoutines::call_stub
j  org.apache.xerces.parsers.AbstractDOMParser.startDocument(Lorg/apache/xerces/xni/XMLLocator;Ljava/lang/String;Lorg/apache/xerces/xni/NamespaceContext;Lorg/apache/xerces/xni/Augmentations;)V+315
j  org.apache.xerces.impl.dtd.XMLDTDValidator.startDocument(Lorg/apache/xerces/xni/XMLLocator;Ljava/lang/String;Lorg/apache/xerces/xni/NamespaceContext;Lorg/apache/xerces/xni/Augmentations;)V+78
j  org.apache.xerces.impl.XMLDocumentScannerImpl.startEntity(Ljava/lang/String;Lorg/apache/xerces/xni/XMLResourceIdentifier;Ljava/lang/String;Lorg/apache/xerces/xni/Augmentations;)V+64
j  org.apache.xerces.impl.XMLVersionDetector.startDocumentParsing(Lorg/apache/xerces/impl/XMLEntityHandler;S)V+62
j  org.apache.xerces.parsers.XML11Configuration.parse(Z)Z+93
j  org.apache.xerces.parsers.XML11Configuration.parse(Lorg/apache/xerces/xni/parser/XMLInputSource;)V+29
j  org.apache.xerces.parsers.XMLParser.parse(Lorg/apache/xerces/xni/parser/XMLInputSource;)V+9
j  org.apache.xerces.parsers.DOMParser.parse(Lorg/xml/sax/InputSource;)V+43
j  org.apache.xerces.jaxp.DocumentBuilderImpl.parse(Lorg/xml/sax/InputSource;)Lorg/w3c/dom/Document;+57
j  javax.xml.parsers.DocumentBuilder.parse(Ljava/io/InputStream;Ljava/lang/String;)Lorg/w3c/dom/Document;+30
j  org.gradle.api.internal.artifacts.ivyservice.ivyresolve.parser.PomReader.parseToDom(Ljava/io/InputStream;Ljava/lang/String;)Lorg/w3c/dom/Document;+47
j  org.gradle.api.internal.artifacts.ivyservice.ivyresolve.parser.PomReader$1.transform(Ljava/io/InputStream;)Lorg/w3c/dom/Document;+5
j  org.gradle.api.internal.artifacts.ivyservice.ivyresolve.parser.PomReader$1.transform(Ljava/lang/Object;)Ljava/lang/Object;+5
j  org.gradle.internal.resource.AbstractExternalResource.withContent(Lorg/gradle/api/Transformer;)Ljava/lang/Object;+7
j  org.gradle.api.internal.artifacts.ivyservice.ivyresolve.parser.PomReader.<init>(Lorg/gradle/internal/resource/local/LocallyAvailableExternalResource;)V+66
j  org.gradle.api.internal.artifacts.ivyservice.ivyresolve.parser.GradlePomModuleDescriptorParser.doParseDescriptor(Lorg/gradle/api/internal/artifacts/ivyservice/ivyresolve/parser/DescriptorParseContext;Lorg/gradle/internal/resource/local/LocallyAvailableExternalResource;Z)Lorg/gradle/internal/component/external/model/DefaultMavenModuleResolveMetaData;+5
j  org.gradle.api.internal.artifacts.ivyservice.ivyresolve.parser.GradlePomModuleDescriptorParser.doParseDescriptor(Lorg/gradle/api/internal/artifacts/ivyservice/ivyresolve/parser/DescriptorParseContext;Lorg/gradle/internal/resource/local/LocallyAvailableExternalResource;Z)Lorg/gradle/internal/component/external/model/MutableModuleComponentResolveMetaData;+4
j  org.gradle.api.internal.artifacts.ivyservice.ivyresolve.parser.AbstractModuleDescriptorParser.parseDescriptor(Lorg/gradle/api/internal/artifacts/ivyservice/ivyresolve/parser/DescriptorParseContext;Lorg/gradle/internal/resource/local/LocallyAvailableExternalResource;Z)Lorg/gradle/internal/component/external/model/MutableModuleComponentResolveMetaData;+4
j  org.gradle.api.internal.artifacts.ivyservice.ivyresolve.parser.AbstractModuleDescriptorParser.parseMetaData(Lorg/gradle/api/internal/artifacts/ivyservice/ivyresolve/parser/DescriptorParseContext;Lorg/gradle/internal/resource/local/LocallyAvailableExternalResource;)Lorg/gradle/internal/component/external/model/MutableModuleComponentResolveMetaData;+4
j  org.gradle.api.internal.artifacts.repositories.resolver.MavenResolver.parseMetaDataFromResource(Lorg/gradle/api/artifacts/component/ModuleComponentIdentifier;Lorg/gradle/internal/resource/local/LocallyAvailableExternalResource;Lorg/gradle/api/internal/artifacts/ivyservice/ivyresolve/parser/DescriptorParseContext;)Lorg/gradle/internal/component/external/model/MutableModuleComponentResolveMetaData;+6
j  org.gradle.api.internal.artifacts.repositories.resolver.ExternalResourceResolver.parseMetaDataFromArtifact(Lorg/gradle/api/artifacts/component/ModuleComponentIdentifier;Lorg/gradle/api/internal/artifacts/repositories/resolver/ExternalResourceArtifactResolver;Lorg/gradle/internal/resolve/result/ResourceAwareResolveResult;)Lorg/gradle/internal/component/external/model/MutableModuleComponentResolveMetaData;+44
j  org.gradle.api.internal.artifacts.repositories.resolver.ExternalResourceResolver.resolveStaticDependency(Lorg/gradle/api/artifacts/component/ModuleComponentIdentifier;Lorg/gradle/internal/component/model/ComponentOverrideMetadata;Lorg/gradle/internal/resolve/result/BuildableModuleComponentMetaDataResolveResult;Lorg/gradle/api/internal/artifacts/repositories/resolver/ExternalResourceArtifactResolver;)V+5
j  org.gradle.api.internal.artifacts.repositories.resolver.MavenResolver.doResolveComponentMetaData(Lorg/gradle/api/artifacts/component/ModuleComponentIdentifier;Lorg/gradle/internal/component/model/ComponentOverrideMetadata;Lorg/gradle/internal/resolve/result/BuildableModuleComponentMetaDataResolveResult;)V+84
j  org.gradle.api.internal.artifacts.repositories.resolver.ExternalResourceResolver$RemoteRepositoryAccess.resolveComponentMetaData(Lorg/gradle/api/artifacts/component/ModuleComponentIdentifier;Lorg/gradle/internal/component/model/ComponentOverrideMetadata;Lorg/gradle/internal/resolve/result/BuildableModuleComponentMetaDataResolveResult;)V+7
j  org.gradle.api.internal.artifacts.ivyservice.ivyresolve.LocalModuleComponentRepository$LocalAccess.resolveComponentMetaData(Lorg/gradle/api/artifacts/component/ModuleComponentIdentifier;Lorg/gradle/internal/component/model/ComponentOverrideMetadata;Lorg/gradle/internal/resolve/result/BuildableModuleComponentMetaDataResolveResult;)V+44
j  org.gradle.api.internal.artifacts.ivyservice.ivyresolve.BaseModuleComponentRepositoryAccess.resolveComponentMetaData(Lorg/gradle/api/artifacts/component/ModuleComponentIdentifier;Lorg/gradle/internal/component/model/ComponentOverrideMetadata;Lorg/gradle/internal/resolve/result/BuildableModuleComponentMetaDataResolveResult;)V+7
j  org.gradle.api.internal.artifacts.ivyservice.ivyresolve.memcache.InMemoryCachedModuleComponentRepository$CachedAccess.resolveComponentMetaData(Lorg/gradle/api/artifacts/component/ModuleComponentIdentifier;Lorg/gradle/internal/component/model/ComponentOverrideMetadata;Lorg/gradle/internal/resolve/result/BuildableModuleComponentMetaDataResolveResult;)V+16
j  org.gradle.api.internal.artifacts.ivyservice.ivyresolve.ErrorHandlingModuleComponentRepository$ErrorHandlingModuleComponentRepositoryAccess.resolveComponentMetaData(Lorg/gradle/api/artifacts/component/ModuleComponentIdentifier;Lorg/gradle/internal/component/model/ComponentOverrideMetadata;Lorg/gradle/internal/resolve/result/BuildableModuleComponentMetaDataResolveResult;)V+7
j  org.gradle.api.internal.artifacts.ivyservice.ivyresolve.ComponentMetaDataResolveState.process(Lorg/gradle/api/internal/artifacts/ivyservice/ivyresolve/ModuleComponentRepositoryAccess;)V+13
j  org.gradle.api.internal.artifacts.ivyservice.ivyresolve.ComponentMetaDataResolveState.resolve()Lorg/gradle/internal/resolve/result/BuildableModuleComponentMetaDataResolveResult;+22
j  org.gradle.api.internal.artifacts.ivyservice.ivyresolve.RepositoryChainComponentMetaDataResolver.findBestMatch(Ljava/util/LinkedList;Ljava/util/Collection;Ljava/util/Collection;)Lorg/gradle/api/internal/artifacts/ivyservice/ivyresolve/RepositoryChainModuleResolution;+21
j  org.gradle.api.internal.artifacts.ivyservice.ivyresolve.RepositoryChainComponentMetaDataResolver.findBestMatch(Ljava/util/List;Ljava/util/Collection;)Lorg/gradle/api/internal/artifacts/ivyservice/ivyresolve/RepositoryChainModuleResolution;+28
j  org.gradle.api.internal.artifacts.ivyservice.ivyresolve.RepositoryChainComponentMetaDataResolver.resolveModule(Lorg/gradle/api/artifacts/component/ModuleComponentIdentifier;Lorg/gradle/internal/component/model/ComponentOverrideMetadata;Lorg/gradle/internal/resolve/result/BuildableComponentResolveResult;)V+97
j  org.gradle.api.internal.artifacts.ivyservice.ivyresolve.RepositoryChainComponentMetaDataResolver.resolve(Lorg/gradle/api/artifacts/component/ComponentIdentifier;Lorg/gradle/internal/component/model/ComponentOverrideMetadata;Lorg/gradle/internal/resolve/result/BuildableComponentResolveResult;)V+24
j  org.gradle.api.internal.artifacts.ivyservice.resolveengine.ComponentResolversChain$ComponentMetaDataResolverChain.resolve(Lorg/gradle/api/artifacts/component/ComponentIdentifier;Lorg/gradle/internal/component/model/ComponentOverrideMetadata;Lorg/gradle/internal/resolve/result/BuildableComponentResolveResult;)V+48
j  org.gradle.api.internal.artifacts.ivyservice.clientmodule.ClientModuleResolver.resolve(Lorg/gradle/api/artifacts/component/ComponentIdentifier;Lorg/gradle/internal/component/model/ComponentOverrideMetadata;Lorg/gradle/internal/resolve/result/BuildableComponentResolveResult;)V+7
j  org.gradle.api.internal.artifacts.ivyservice.resolveengine.graph.DependencyGraphBuilder$ModuleVersionResolveState.resolve()V+92
j  org.gradle.api.internal.artifacts.ivyservice.resolveengine.graph.DependencyGraphBuilder$ModuleVersionResolveState.getMetaData()Lorg/gradle/internal/component/model/ComponentResolveMetaData;+8
j  org.gradle.api.internal.artifacts.ivyservice.resolveengine.graph.DependencyGraphBuilder$DependencyEdge.calculateTargetConfigurations()V+13
j  org.gradle.api.internal.artifacts.ivyservice.resolveengine.graph.DependencyGraphBuilder$DependencyEdge.attachToTargetConfigurations()V+15
j  org.gradle.api.internal.artifacts.ivyservice.resolveengine.graph.DependencyGraphBuilder.traverseGraph(Lorg/gradle/api/internal/artifacts/ivyservice/resolveengine/graph/DependencyGraphBuilder$ResolveState;Lorg/gradle/api/internal/artifacts/ivyservice/resolveengine/graph/conflicts/ConflictHandler;)V+229
j  org.gradle.api.internal.artifacts.ivyservice.resolveengine.graph.DependencyGraphBuilder.resolve(Lorg/gradle/api/internal/artifacts/ResolveContext;Lorg/gradle/api/internal/artifacts/ivyservice/resolveengine/graph/DependencyGraphVisitor;)V+79
j  org.gradle.api.internal.artifacts.ivyservice.resolveengine.DefaultArtifactDependencyResolver$1.execute(Lorg/apache/ivy/Ivy;)V+135
j  org.gradle.api.internal.artifacts.ivyservice.resolveengine.DefaultArtifactDependencyResolver$1.execute(Ljava/lang/Object;)V+5
j  org.gradle.internal.Transformers$4.transform(Ljava/lang/Object;)Ljava/lang/Object;+5
j  org.gradle.api.internal.artifacts.ivyservice.DefaultIvyContextManager.withIvy(Lorg/gradle/api/Transformer;)Ljava/lang/Object;+96
j  org.gradle.api.internal.artifacts.ivyservice.DefaultIvyContextManager.withIvy(Lorg/gradle/api/Action;)V+5
j  org.gradle.api.internal.artifacts.ivyservice.resolveengine.DefaultArtifactDependencyResolver.resolve(Lorg/gradle/api/internal/artifacts/ResolveContext;Ljava/util/List;Lorg/gradle/api/internal/artifacts/GlobalDependencyResolutionRules;Lorg/gradle/api/internal/artifacts/ivyservice/resolveengine/graph/DependencyGraphVisitor;Lorg/gradle/api/internal/artifacts/ivyservice/resolveengine/artifact/DependencyArtifactsVisitor;)V+19
j  org.gradle.api.internal.artifacts.ivyservice.CacheLockingArtifactDependencyResolver$1.run()V+27
j  org.gradle.internal.Factories$1.create()Ljava/lang/Object;+4
j  org.gradle.cache.internal.DefaultCacheAccess.useCache(Ljava/lang/String;Lorg/gradle/internal/Factory;)Ljava/lang/Object;+80
j  org.gradle.cache.internal.DefaultCacheAccess.useCache(Ljava/lang/String;Ljava/lang/Runnable;)V+6
j  org.gradle.cache.internal.DefaultPersistentDirectoryStore.useCache(Ljava/lang/String;Ljava/lang/Runnable;)V+6
j  org.gradle.cache.internal.DefaultCacheFactory$ReferenceTrackingCache.useCache(Ljava/lang/String;Ljava/lang/Runnable;)V+9
j  org.gradle.api.internal.artifacts.ivyservice.DefaultCacheLockingManager.useCache(Ljava/lang/String;Ljava/lang/Runnable;)V+6
j  org.gradle.api.internal.artifacts.ivyservice.CacheLockingArtifactDependencyResolver.resolve(Lorg/gradle/api/internal/artifacts/ResolveContext;Ljava/util/List;Lorg/gradle/api/internal/artifacts/GlobalDependencyResolutionRules;Lorg/gradle/api/internal/artifacts/ivyservice/resolveengine/graph/DependencyGraphVisitor;Lorg/gradle/api/internal/artifacts/ivyservice/resolveengine/artifact/DependencyArtifactsVisitor;)V+38
j  org.gradle.api.internal.artifacts.ivyservice.DefaultConfigurationResolver.resolve(Lorg/gradle/api/internal/artifacts/configurations/ConfigurationInternal;Lorg/gradle/api/internal/artifacts/ResolverResults;)V+216
j  org.gradle.api.internal.artifacts.ivyservice.SelfResolvingDependencyConfigurationResolver.resolve(Lorg/gradle/api/internal/artifacts/configurations/ConfigurationInternal;Lorg/gradle/api/internal/artifacts/ResolverResults;)V+6
j  org.gradle.api.internal.artifacts.ivyservice.ShortCircuitEmptyConfigurationResolver.resolve(Lorg/gradle/api/internal/artifacts/configurations/ConfigurationInternal;Lorg/gradle/api/internal/artifacts/ResolverResults;)V+90
j  org.gradle.api.internal.artifacts.ivyservice.ErrorHandlingConfigurationResolver.resolve(Lorg/gradle/api/internal/artifacts/configurations/ConfigurationInternal;Lorg/gradle/api/internal/artifacts/ResolverResults;)V+6
j  org.gradle.api.internal.artifacts.configurations.DefaultConfiguration.resolveGraphIfRequired(Lorg/gradle/api/internal/artifacts/configurations/ConfigurationInternal$InternalState;)V+93
j  org.gradle.api.internal.artifacts.configurations.DefaultConfiguration.resolveNow(Lorg/gradle/api/internal/artifacts/configurations/ConfigurationInternal$InternalState;)V+23
j  org.gradle.api.internal.artifacts.configurations.DefaultConfiguration.getResolvedConfiguration()Lorg/gradle/api/artifacts/ResolvedConfiguration;+4
j  org.gradle.api.internal.artifacts.configurations.DefaultConfiguration_Decorated.getResolvedConfiguration()Lorg/gradle/api/artifacts/ResolvedConfiguration;+7
j  org.gradle.api.internal.artifacts.configurations.DefaultConfiguration$ConfigurationFileCollection.getFiles()Ljava/util/Set;+14
j  org.gradle.api.internal.artifacts.configurations.DefaultConfiguration.getFiles()Ljava/util/Set;+7
j  org.gradle.api.internal.artifacts.configurations.DefaultConfiguration_Decorated.getFiles()Ljava/util/Set;+7
j  org.gradle.api.internal.initialization.DefaultScriptHandler.getScriptClassPath()Lorg/gradle/internal/classpath/ClassPath;+27
j  org.gradle.plugin.use.internal.DefaultPluginRequestApplicator.defineScriptHandlerClassScope(Lorg/gradle/api/internal/initialization/ScriptHandlerInternal;Lorg/gradle/api/internal/initialization/ClassLoaderScope;Ljava/lang/Iterable;)V+1
j  org.gradle.plugin.use.internal.DefaultPluginRequestApplicator.applyPlugins(Lorg/gradle/plugin/use/internal/PluginRequests;Lorg/gradle/api/internal/initialization/ScriptHandlerInternal;Lorg/gradle/api/internal/plugins/PluginManagerInternal;Lorg/gradle/api/internal/initialization/ClassLoaderScope;)V+16
j  org.gradle.configuration.DefaultScriptPluginFactory$ScriptPluginImpl.apply(Ljava/lang/Object;)V+361
j  org.gradle.configuration.project.BuildScriptProcessor.execute(Lorg/gradle/api/internal/project/ProjectInternal;)V+67
j  org.gradle.configuration.project.BuildScriptProcessor.execute(Ljava/lang/Object;)V+5
j  org.gradle.configuration.project.ConfigureActionsProjectEvaluator.evaluate(Lorg/gradle/api/internal/project/ProjectInternal;Lorg/gradle/api/internal/project/ProjectStateInternal;)V+33
j  org.gradle.configuration.project.LifecycleProjectEvaluator.evaluate(Lorg/gradle/api/internal/project/ProjectInternal;Lorg/gradle/api/internal/project/ProjectStateInternal;)V+54
j  org.gradle.api.internal.project.AbstractProject.evaluate()Lorg/gradle/api/internal/project/AbstractProject;+9
j  org.gradle.api.internal.project.AbstractProject.evaluate()Lorg/gradle/api/Project;+1
j  org.gradle.execution.TaskPathProjectEvaluator.configureHierarchy(Lorg/gradle/api/internal/project/ProjectInternal;)V+21
j  org.gradle.configuration.DefaultBuildConfigurer.configure(Lorg/gradle/api/internal/GradleInternal;)V+50
j  org.gradle.initialization.DefaultGradleLauncher$2.run()V+14
j  org.gradle.internal.Factories$1.create()Ljava/lang/Object;+4
j  org.gradle.internal.progress.DefaultBuildOperationExecutor.run(Lorg/gradle/internal/progress/BuildOperationDetails;Lorg/gradle/internal/Factory;)Ljava/lang/Object;+171
j  org.gradle.internal.progress.DefaultBuildOperationExecutor.run(Ljava/lang/String;Ljava/lang/Runnable;)V+12
j  org.gradle.initialization.DefaultGradleLauncher.doBuildStages(Lorg/gradle/initialization/DefaultGradleLauncher$Stage;)V+39
j  org.gradle.initialization.DefaultGradleLauncher.access$200(Lorg/gradle/initialization/DefaultGradleLauncher;Lorg/gradle/initialization/DefaultGradleLauncher$Stage;)V+2
j  org.gradle.initialization.DefaultGradleLauncher$1.create()Lorg/gradle/BuildResult;+29
j  org.gradle.initialization.DefaultGradleLauncher$1.create()Ljava/lang/Object;+1
j  org.gradle.internal.progress.DefaultBuildOperationExecutor.run(Lorg/gradle/internal/progress/BuildOperationDetails;Lorg/gradle/internal/Factory;)Ljava/lang/Object;+171
j  org.gradle.internal.progress.DefaultBuildOperationExecutor.run(Ljava/lang/String;Lorg/gradle/internal/Factory;)Ljava/lang/Object;+9
j  org.gradle.initialization.DefaultGradleLauncher.doBuild(Lorg/gradle/initialization/DefaultGradleLauncher$Stage;)Lorg/gradle/BuildResult;+15
j  org.gradle.initialization.DefaultGradleLauncher.getBuildAnalysis()Lorg/gradle/BuildResult;+4
j  org.gradle.launcher.exec.InProcessBuildActionExecuter$DefaultBuildController.configure()Lorg/gradle/api/internal/GradleInternal;+4
j  org.gradle.tooling.internal.provider.runner.ClientProvidedBuildActionRunner.run(Lorg/gradle/internal/invocation/BuildAction;Lorg/gradle/internal/invocation/BuildController;)V+56
j  org.gradle.launcher.exec.ChainingBuildActionRunner.run(Lorg/gradle/internal/invocation/BuildAction;Lorg/gradle/internal/invocation/BuildController;)V+34
j  org.gradle.tooling.internal.provider.runner.SubscribableBuildActionRunner.run(Lorg/gradle/internal/invocation/BuildAction;Lorg/gradle/internal/invocation/BuildController;)V+37
j  org.gradle.launcher.exec.ChainingBuildActionRunner.run(Lorg/gradle/internal/invocation/BuildAction;Lorg/gradle/internal/invocation/BuildController;)V+34
j  org.gradle.launcher.exec.InProcessBuildActionExecuter.execute(Lorg/gradle/internal/invocation/BuildAction;Lorg/gradle/initialization/BuildRequestContext;Lorg/gradle/launcher/exec/BuildActionParameters;Lorg/gradle/internal/service/ServiceRegistry;)Ljava/lang/Object;+77
j  org.gradle.launcher.exec.InProcessBuildActionExecuter.execute(Lorg/gradle/internal/invocation/BuildAction;Lorg/gradle/initialization/BuildRequestContext;Ljava/lang/Object;Lorg/gradle/internal/service/ServiceRegistry;)Ljava/lang/Object;+9
j  org.gradle.launcher.exec.ContinuousBuildActionExecuter.execute(Lorg/gradle/internal/invocation/BuildAction;Lorg/gradle/initialization/BuildRequestContext;Lorg/gradle/launcher/exec/BuildActionParameters;Lorg/gradle/internal/service/ServiceRegistry;)Ljava/lang/Object;+114
j  org.gradle.launcher.exec.ContinuousBuildActionExecuter.execute(Lorg/gradle/internal/invocation/BuildAction;Lorg/gradle/initialization/BuildRequestContext;Ljava/lang/Object;Lorg/gradle/internal/service/ServiceRegistry;)Ljava/lang/Object;+9
j  org.gradle.launcher.daemon.server.exec.ExecuteBuild.doBuild(Lorg/gradle/launcher/daemon/server/api/DaemonCommandExecution;Lorg/gradle/launcher/daemon/protocol/Build;)V+74
j  org.gradle.launcher.daemon.server.exec.BuildCommandOnly.execute(Lorg/gradle/launcher/daemon/server/api/DaemonCommandExecution;)V+49
j  org.gradle.launcher.daemon.server.api.DaemonCommandExecution.proceed()Z+28
j  org.gradle.launcher.daemon.server.exec.WatchForDisconnection.execute(Lorg/gradle/launcher/daemon/server/api/DaemonCommandExecution;)V+19
j  org.gradle.launcher.daemon.server.api.DaemonCommandExecution.proceed()Z+28
j  org.gradle.launcher.daemon.server.exec.ResetDeprecationLogger.execute(Lorg/gradle/launcher/daemon/server/api/DaemonCommandExecution;)V+4
j  org.gradle.launcher.daemon.server.api.DaemonCommandExecution.proceed()Z+28
j  org.gradle.launcher.daemon.server.exec.RequestStopIfSingleUsedDaemon.execute(Lorg/gradle/launcher/daemon/server/api/DaemonCommandExecution;)V+31
j  org.gradle.launcher.daemon.server.api.DaemonCommandExecution.proceed()Z+28
j  org.gradle.launcher.daemon.server.exec.ForwardClientInput$2.call()Ljava/lang/Void;+4
j  org.gradle.launcher.daemon.server.exec.ForwardClientInput$2.call()Ljava/lang/Object;+1
j  org.gradle.util.Swapper.swap(Ljava/lang/Object;Ljava/util/concurrent/Callable;)Ljava/lang/Object;+21
j  org.gradle.launcher.daemon.server.exec.ForwardClientInput.execute(Lorg/gradle/launcher/daemon/server/api/DaemonCommandExecution;)V+63
j  org.gradle.launcher.daemon.server.api.DaemonCommandExecution.proceed()Z+28
j  org.gradle.launcher.daemon.server.health.DaemonHealthTracker.execute(Lorg/gradle/launcher/daemon/server/api/DaemonCommandExecution;)V+35
j  org.gradle.launcher.daemon.server.api.DaemonCommandExecution.proceed()Z+28
j  org.gradle.launcher.daemon.server.exec.LogToClient.doBuild(Lorg/gradle/launcher/daemon/server/api/DaemonCommandExecution;Lorg/gradle/launcher/daemon/protocol/Build;)V+87
j  org.gradle.launcher.daemon.server.exec.BuildCommandOnly.execute(Lorg/gradle/launcher/daemon/server/api/DaemonCommandExecution;)V+49
j  org.gradle.launcher.daemon.server.api.DaemonCommandExecution.proceed()Z+28
j  org.gradle.launcher.daemon.server.exec.EstablishBuildEnvironment.doBuild(Lorg/gradle/launcher/daemon/server/api/DaemonCommandExecution;Lorg/gradle/launcher/daemon/protocol/Build;)V+279
j  org.gradle.launcher.daemon.server.exec.BuildCommandOnly.execute(Lorg/gradle/launcher/daemon/server/api/DaemonCommandExecution;)V+49
j  org.gradle.launcher.daemon.server.api.DaemonCommandExecution.proceed()Z+28
j  org.gradle.launcher.daemon.server.health.HintGCAfterBuild.execute(Lorg/gradle/launcher/daemon/server/api/DaemonCommandExecution;)V+1
j  org.gradle.launcher.daemon.server.api.DaemonCommandExecution.proceed()Z+28
j  org.gradle.launcher.daemon.server.exec.StartBuildOrRespondWithBusy$1.run()V+44
j  org.gradle.launcher.daemon.server.DaemonStateCoordinator$1.run()V+4
j  org.gradle.internal.concurrent.ExecutorPolicy$CatchAndRecordFailures.onExecute(Ljava/lang/Runnable;)V+1
j  org.gradle.internal.concurrent.StoppableExecutorImpl$1.run()V+25
j  java.util.concurrent.ThreadPoolExecutor.runWorker(Ljava/util/concurrent/ThreadPoolExecutor$Worker;)V+95
j  java.util.concurrent.ThreadPoolExecutor$Worker.run()V+5
j  java.lang.Thread.run()V+11
v  ~StubRoutines::call_stub

---------------  P R O C E S S  ---------------

Java Threads: ( => current thread )
  0x00000000180b1000 JavaThread "File lock request listener" [_thread_in_native, id=540, stack(0x000000001bfc0000,0x000000001c0c0000)]
  0x0000000018c79800 JavaThread "Stdin handler" [_thread_blocked, id=4440, stack(0x000000001aaf0000,0x000000001abf0000)]
  0x0000000018c79000 JavaThread "Asynchronous log dispatcher for org.gradle.launcher.daemon.server.DefaultDaemonConnection@3730f395" [_thread_blocked, id=5376, stack(0x000000001a9f0000,0x000000001aaf0000)]
=>0x0000000018bc7800 JavaThread "Daemon worker" [_thread_in_vm, id=6216, stack(0x000000001a6f0000,0x000000001a7f0000)]
  0x0000000018d19800 JavaThread "Cancel handler" [_thread_blocked, id=4732, stack(0x000000001a5f0000,0x000000001a6f0000)]
  0x0000000018d68000 JavaThread "Handler for socket connection from /127.0.0.1:1103 to /127.0.0.1:1104" [_thread_in_native, id=5640, stack(0x000000001a4f0000,0x000000001a5f0000)]
  0x0000000018d66800 JavaThread "Daemon" [_thread_blocked, id=6948, stack(0x000000001a3f0000,0x000000001a4f0000)]
  0x0000000018d03800 JavaThread "pool-1-thread-1" [_thread_blocked, id=5780, stack(0x000000001a2f0000,0x000000001a3f0000)]
  0x0000000018b54000 JavaThread "Incoming local TCP Connector on port 1103" [_thread_in_native, id=4288, stack(0x0000000019bf0000,0x0000000019cf0000)]
  0x0000000015f4d000 JavaThread "Service Thread" daemon [_thread_blocked, id=1716, stack(0x0000000017e60000,0x0000000017f60000)]
  0x0000000015ef8800 JavaThread "C1 CompilerThread2" daemon [_thread_blocked, id=7044, stack(0x0000000017960000,0x0000000017a60000)]
  0x0000000015ef6800 JavaThread "C2 CompilerThread1" daemon [_thread_blocked, id=5192, stack(0x0000000017860000,0x0000000017960000)]
  0x0000000015eeb800 JavaThread "C2 CompilerThread0" daemon [_thread_blocked, id=5612, stack(0x0000000017760000,0x0000000017860000)]
  0x0000000015eea000 JavaThread "Attach Listener" daemon [_thread_blocked, id=4172, stack(0x0000000017660000,0x0000000017760000)]
  0x0000000015ee9000 JavaThread "Signal Dispatcher" daemon [_thread_blocked, id=6324, stack(0x0000000017560000,0x0000000017660000)]
  0x000000000257a800 JavaThread "Finalizer" daemon [_thread_blocked, id=3492, stack(0x0000000017140000,0x0000000017240000)]
  0x000000000256f800 JavaThread "Reference Handler" daemon [_thread_blocked, id=3192, stack(0x0000000017040000,0x0000000017140000)]
  0x0000000002481000 JavaThread "main" [_thread_blocked, id=1912, stack(0x0000000002380000,0x0000000002480000)]

Other Threads:
  0x0000000015eb6000 VMThread [stack: 0x0000000016f40000,0x0000000017040000] [id=6304]
  0x0000000015f4e000 WatcherThread [stack: 0x0000000017f60000,0x0000000018060000] [id=6664]

VM state:not at safepoint (normal execution)

VM Mutex/Monitor currently owned by a thread: None

Heap:
 PSYoungGen      total 61952K, used 54076K [0x00000000e0000000, 0x00000000e4b80000, 0x0000000100000000)
  eden space 57344K, 86% used [0x00000000e0000000,0x00000000e305b050,0x00000000e3800000)
  from space 4608K, 98% used [0x00000000e4700000,0x00000000e4b74190,0x00000000e4b80000)
  to   space 7168K, 0% used [0x00000000e3d80000,0x00000000e3d80000,0x00000000e4480000)
 ParOldGen       total 33792K, used 8593K [0x00000000a0000000, 0x00000000a2100000, 0x00000000e0000000)
  object space 33792K, 25% used [0x00000000a0000000,0x00000000a0864570,0x00000000a2100000)
 Metaspace       used 27436K, capacity 28044K, committed 28336K, reserved 1073152K
  class space    used 3772K, capacity 3943K, committed 4016K, reserved 1048576K

Card table byte_map: [0x0000000011940000,0x0000000011c50000] byte_map_base: 0x0000000011440000

Marking Bits: (ParMarkBitMap*) 0x0000000057aa9d00
 Begin Bits: [0x0000000012250000, 0x0000000013a50000)
 End Bits:   [0x0000000013a50000, 0x0000000015250000)

Polling page: 0x00000000021e0000

CodeCache: size=245760Kb used=7715Kb max_used=7741Kb free=238044Kb
 bounds [0x0000000002580000, 0x0000000002d20000, 0x0000000011580000]
 total_blobs=2710 nmethods=2071 adapters=552
 compilation: enabled

Compilation events (10 events):
Event: 10.243 Thread 0x0000000015eeb800 2220   !   4       java.net.URL::<init> (543 bytes)
Event: 10.247 Thread 0x0000000015ef6800 nmethod 2219 0x0000000002d025d0 code [0x0000000002d02760, 0x0000000002d02e68]
Event: 10.254 Thread 0x0000000015ef8800 2221       3       java.util.Arrays::fill (28 bytes)
Event: 10.254 Thread 0x0000000015ef8800 nmethod 2221 0x0000000002cd8c90 code [0x0000000002cd8e00, 0x0000000002cd9068]
Event: 10.254 Thread 0x0000000015ef8800 2222       3       java.util.Arrays::rangeCheck (74 bytes)
Event: 10.255 Thread 0x0000000015ef6800 2223 %     4       java.util.Arrays::fill @ 10 (28 bytes)
Event: 10.255 Thread 0x0000000015ef8800 nmethod 2222 0x0000000002d06790 code [0x0000000002d069e0, 0x0000000002d07728]
Event: 10.256 Thread 0x0000000015ef8800 2224       1       java.lang.Boolean::booleanValue (5 bytes)
Event: 10.256 Thread 0x0000000015ef8800 nmethod 2224 0x0000000002d02090 code [0x0000000002d021e0, 0x0000000002d022f0]
Event: 10.259 Thread 0x0000000015ef6800 nmethod 2223% 0x0000000002cd8890 code [0x0000000002cd89e0, 0x0000000002cd8b98]

GC Heap History (10 events):
Event: 7.648 GC heap before
{Heap before GC invocations=5 (full 0):
 PSYoungGen      total 18944K, used 18912K [0x00000000e0000000, 0x00000000e1500000, 0x0000000100000000)
  eden space 16384K, 100% used [0x00000000e0000000,0x00000000e1000000,0x00000000e1000000)
  from space 2560K, 98% used [0x00000000e1280000,0x00000000e14f8040,0x00000000e1500000)
  to   space 2560K, 0% used [0x00000000e1000000,0x00000000e1000000,0x00000000e1280000)
 ParOldGen       total 44032K, used 4409K [0x00000000a0000000, 0x00000000a2b00000, 0x00000000e0000000)
  object space 44032K, 10% used [0x00000000a0000000,0x00000000a044e6c8,0x00000000a2b00000)
 Metaspace       used 17113K, capacity 17488K, committed 17792K, reserved 1064960K
  class space    used 2240K, capacity 2369K, committed 2432K, reserved 1048576K
Event: 7.657 GC heap after
Heap after GC invocations=5 (full 0):
 PSYoungGen      total 18944K, used 2528K [0x00000000e0000000, 0x00000000e2e00000, 0x0000000100000000)
  eden space 16384K, 0% used [0x00000000e0000000,0x00000000e0000000,0x00000000e1000000)
  from space 2560K, 98% used [0x00000000e1000000,0x00000000e1278020,0x00000000e1280000)
  to   space 7168K, 0% used [0x00000000e2700000,0x00000000e2700000,0x00000000e2e00000)
 ParOldGen       total 44032K, used 8338K [0x00000000a0000000, 0x00000000a2b00000, 0x00000000e0000000)
  object space 44032K, 18% used [0x00000000a0000000,0x00000000a0824ae8,0x00000000a2b00000)
 Metaspace       used 17113K, capacity 17488K, committed 17792K, reserved 1064960K
  class space    used 2240K, capacity 2369K, committed 2432K, reserved 1048576K
}
Event: 8.248 GC heap before
{Heap before GC invocations=6 (full 0):
 PSYoungGen      total 18944K, used 18912K [0x00000000e0000000, 0x00000000e2e00000, 0x0000000100000000)
  eden space 16384K, 100% used [0x00000000e0000000,0x00000000e1000000,0x00000000e1000000)
  from space 2560K, 98% used [0x00000000e1000000,0x00000000e1278020,0x00000000e1280000)
  to   space 7168K, 0% used [0x00000000e2700000,0x00000000e2700000,0x00000000e2e00000)
 ParOldGen       total 44032K, used 8338K [0x00000000a0000000, 0x00000000a2b00000, 0x00000000e0000000)
  object space 44032K, 18% used [0x00000000a0000000,0x00000000a0824ae8,0x00000000a2b00000)
 Metaspace       used 18930K, capacity 19396K, committed 19584K, reserved 1067008K
  class space    used 2526K, capacity 2676K, committed 2688K, reserved 1048576K
Event: 8.262 GC heap after
Heap after GC invocations=6 (full 0):
 PSYoungGen      total 39936K, used 4755K [0x00000000e0000000, 0x00000000e2e00000, 0x0000000100000000)
  eden space 32768K, 0% used [0x00000000e0000000,0x00000000e0000000,0x00000000e2000000)
  from space 7168K, 66% used [0x00000000e2700000,0x00000000e2ba4fd0,0x00000000e2e00000)
  to   space 7168K, 0% used [0x00000000e2000000,0x00000000e2000000,0x00000000e2700000)
 ParOldGen       total 44032K, used 8346K [0x00000000a0000000, 0x00000000a2b00000, 0x00000000e0000000)
  object space 44032K, 18% used [0x00000000a0000000,0x00000000a0826ae8,0x00000000a2b00000)
 Metaspace       used 18930K, capacity 19396K, committed 19584K, reserved 1067008K
  class space    used 2526K, capacity 2676K, committed 2688K, reserved 1048576K
}
Event: 8.833 GC heap before
{Heap before GC invocations=7 (full 0):
 PSYoungGen      total 39936K, used 24300K [0x00000000e0000000, 0x00000000e2e00000, 0x0000000100000000)
  eden space 32768K, 59% used [0x00000000e0000000,0x00000000e13162a8,0x00000000e2000000)
  from space 7168K, 66% used [0x00000000e2700000,0x00000000e2ba4fd0,0x00000000e2e00000)
  to   space 7168K, 0% used [0x00000000e2000000,0x00000000e2000000,0x00000000e2700000)
 ParOldGen       total 44032K, used 8346K [0x00000000a0000000, 0x00000000a2b00000, 0x00000000e0000000)
  object space 44032K, 18% used [0x00000000a0000000,0x00000000a0826ae8,0x00000000a2b00000)
 Metaspace       used 20785K, capacity 21234K, committed 21296K, reserved 1067008K
  class space    used 2702K, capacity 2832K, committed 2864K, reserved 1048576K
Event: 8.848 GC heap after
Heap after GC invocations=7 (full 0):
 PSYoungGen      total 39936K, used 5405K [0x00000000e0000000, 0x00000000e4e00000, 0x0000000100000000)
  eden space 32768K, 0% used [0x00000000e0000000,0x00000000e0000000,0x00000000e2000000)
  from space 7168K, 75% used [0x00000000e2000000,0x00000000e25476d0,0x00000000e2700000)
  to   space 7168K, 0% used [0x00000000e4700000,0x00000000e4700000,0x00000000e4e00000)
 ParOldGen       total 44032K, used 8842K [0x00000000a0000000, 0x00000000a2b00000, 0x00000000e0000000)
  object space 44032K, 20% used [0x00000000a0000000,0x00000000a08a2b28,0x00000000a2b00000)
 Metaspace       used 20785K, capacity 21234K, committed 21296K, reserved 1067008K
  class space    used 2702K, capacity 2832K, committed 2864K, reserved 1048576K
}
Event: 8.848 GC heap before
{Heap before GC invocations=8 (full 1):
 PSYoungGen      total 39936K, used 5405K [0x00000000e0000000, 0x00000000e4e00000, 0x0000000100000000)
  eden space 32768K, 0% used [0x00000000e0000000,0x00000000e0000000,0x00000000e2000000)
  from space 7168K, 75% used [0x00000000e2000000,0x00000000e25476d0,0x00000000e2700000)
  to   space 7168K, 0% used [0x00000000e4700000,0x00000000e4700000,0x00000000e4e00000)
 ParOldGen       total 44032K, used 8842K [0x00000000a0000000, 0x00000000a2b00000, 0x00000000e0000000)
  object space 44032K, 20% used [0x00000000a0000000,0x00000000a08a2b28,0x00000000a2b00000)
 Metaspace       used 20785K, capacity 21234K, committed 21296K, reserved 1067008K
  class space    used 2702K, capacity 2832K, committed 2864K, reserved 1048576K
Event: 8.903 GC heap after
Heap after GC invocations=8 (full 1):
 PSYoungGen      total 39936K, used 0K [0x00000000e0000000, 0x00000000e4e00000, 0x0000000100000000)
  eden space 32768K, 0% used [0x00000000e0000000,0x00000000e0000000,0x00000000e2000000)
  from space 7168K, 0% used [0x00000000e2000000,0x00000000e2000000,0x00000000e2700000)
  to   space 7168K, 0% used [0x00000000e4700000,0x00000000e4700000,0x00000000e4e00000)
 ParOldGen       total 33792K, used 8593K [0x00000000a0000000, 0x00000000a2100000, 0x00000000e0000000)
  object space 33792K, 25% used [0x00000000a0000000,0x00000000a0864570,0x00000000a2100000)
 Metaspace       used 20785K, capacity 21234K, committed 21296K, reserved 1067008K
  class space    used 2702K, capacity 2832K, committed 2864K, reserved 1048576K
}
Event: 9.498 GC heap before
{Heap before GC invocations=9 (full 1):
 PSYoungGen      total 39936K, used 32768K [0x00000000e0000000, 0x00000000e4e00000, 0x0000000100000000)
  eden space 32768K, 100% used [0x00000000e0000000,0x00000000e2000000,0x00000000e2000000)
  from space 7168K, 0% used [0x00000000e2000000,0x00000000e2000000,0x00000000e2700000)
  to   space 7168K, 0% used [0x00000000e4700000,0x00000000e4700000,0x00000000e4e00000)
 ParOldGen       total 33792K, used 8593K [0x00000000a0000000, 0x00000000a2100000, 0x00000000e0000000)
  object space 33792K, 25% used [0x00000000a0000000,0x00000000a0864570,0x00000000a2100000)
 Metaspace       used 23502K, capacity 24118K, committed 24368K, reserved 1071104K
  class space    used 3141K, capacity 3323K, committed 3376K, reserved 1048576K
Event: 9.513 GC heap after
Heap after GC invocations=9 (full 1):
 PSYoungGen      total 61952K, used 4560K [0x00000000e0000000, 0x00000000e4b80000, 0x0000000100000000)
  eden space 57344K, 0% used [0x00000000e0000000,0x00000000e0000000,0x00000000e3800000)
  from space 4608K, 98% used [0x00000000e4700000,0x00000000e4b74190,0x00000000e4b80000)
  to   space 7168K, 0% used [0x00000000e3d80000,0x00000000e3d80000,0x00000000e4480000)
 ParOldGen       total 33792K, used 8593K [0x00000000a0000000, 0x00000000a2100000, 0x00000000e0000000)
  object space 33792K, 25% used [0x00000000a0000000,0x00000000a0864570,0x00000000a2100000)
 Metaspace       used 23502K, capacity 24118K, committed 24368K, reserved 1071104K
  class space    used 3141K, capacity 3323K, committed 3376K, reserved 1048576K
}

Deoptimization events (10 events):
Event: 8.980 Thread 0x0000000018bc7800 Uncommon trap: reason=unstable_if action=reinterpret pc=0x00000000029a8658 method=java.util.HashMap.putVal(ILjava/lang/Object;Ljava/lang/Object;ZZ)Ljava/lang/Object; @ 85
Event: 9.022 Thread 0x0000000018bc7800 Uncommon trap: reason=class_check action=maybe_recompile pc=0x00000000029cb4c0 method=java.lang.reflect.Method.equals(Ljava/lang/Object;)Z @ 5
Event: 9.025 Thread 0x0000000018bc7800 Uncommon trap: reason=class_check action=maybe_recompile pc=0x00000000029cb4c0 method=java.lang.reflect.Method.equals(Ljava/lang/Object;)Z @ 5
Event: 9.121 Thread 0x0000000018bc7800 Uncommon trap: reason=unstable_if action=reinterpret pc=0x0000000002841370 method=java.util.LinkedHashMap.afterNodeInsertion(Z)V @ 1
Event: 9.149 Thread 0x0000000018bc7800 Uncommon trap: reason=class_check action=maybe_recompile pc=0x00000000029cb4c0 method=java.lang.reflect.Method.equals(Ljava/lang/Object;)Z @ 5
Event: 9.150 Thread 0x0000000018bc7800 Uncommon trap: reason=class_check action=maybe_recompile pc=0x00000000029cb4c0 method=java.lang.reflect.Method.equals(Ljava/lang/Object;)Z @ 5
Event: 9.342 Thread 0x0000000018bc7800 Uncommon trap: reason=unstable_if action=reinterpret pc=0x00000000027b9e20 method=java.io.WinNTFileSystem.resolve(Ljava/lang/String;Ljava/lang/String;)Ljava/lang/String; @ 49
Event: 10.133 Thread 0x0000000018bc7800 Uncommon trap: reason=unstable_if action=reinterpret pc=0x00000000029ee268 method=java.lang.AbstractStringBuilder.append(Ljava/lang/String;)Ljava/lang/AbstractStringBuilder; @ 1
Event: 10.147 Thread 0x0000000018bc7800 Uncommon trap: reason=unstable_if action=reinterpret pc=0x0000000002ce1308 method=java.net.URLClassLoader.isSealed(Ljava/lang/String;Ljava/util/jar/Manifest;)Z @ 26
Event: 10.147 Thread 0x0000000018bc7800 Uncommon trap: reason=unstable_if action=reinterpret pc=0x0000000002cbc5c4 method=java.net.URLClassLoader.isSealed(Ljava/lang/String;Ljava/util/jar/Manifest;)Z @ 26

Internal exceptions (10 events):
Event: 9.531 Thread 0x0000000018bc7800 Exception <a 'java/lang/ClassNotFoundException': org/gradle/tooling/provider/model/internal/DefaultToolingModelBuilderRegistryCustomizer> (0x00000000e00f4dc8) thrown at [C:\src\android\AOSP-openjdk\external\jetbrains\jdk\hotspot\src\share\vm\classfile\systŒ^Îj"?#@
Event: 9.623 Thread 0x0000000018bc7800 Exception <a 'java/lang/ClassNotFoundException': build_a630hlbwjnkxsk15vyh4sczgwBeanInfo> (0x00000000e051e740) thrown at [C:\src\android\AOSP-openjdk\external\jetbrains\jdk\hotspot\src\share\vm\classfile\systemDictionary.cpp, line 210]
Event: 9.624 Thread 0x0000000018bc7800 Exception <a 'java/lang/ClassNotFoundException': org/gradle/api/internal/project/ProjectScriptBeanInfo> (0x00000000e052d810) thrown at [C:\src\android\AOSP-openjdk\external\jetbrains\jdk\hotspot\src\share\vm\classfile\systemDictionary.cpp, line 210]
Event: 9.624 Thread 0x0000000018bc7800 Exception <a 'java/lang/ClassNotFoundException': org/gradle/api/internal/project/ProjectScriptCustomizer> (0x00000000e053cc18) thrown at [C:\src\android\AOSP-openjdk\external\jetbrains\jdk\hotspot\src\share\vm\classfile\systemDictionary.cpp, line 210]
Event: 9.625 Thread 0x0000000018bc7800 Exception <a 'java/lang/ClassNotFoundException': build_a630hlbwjnkxsk15vyh4sczgwCustomizer> (0x00000000e055a7a8) thrown at [C:\src\android\AOSP-openjdk\external\jetbrains\jdk\hotspot\src\share\vm\classfile\systemDictionary.cpp, line 210]
Event: 9.884 Thread 0x0000000018bc7800 Exception <a 'java/lang/ClassNotFoundException': org/gradle/api/internal/artifacts/dsl/dependencies/DefaultDependencyHandler_DecoratedBeanInfo> (0x00000000e0f269c8) thrown at [C:\src\android\AOSP-openjdk\external\jetbrains\jdk\hotspot\src\share\vm\classfilÀÔÌzO≈#@
Event: 9.885 Thread 0x0000000018bc7800 Exception <a 'java/lang/ClassNotFoundException': org/gradle/api/internal/artifacts/dsl/dependencies/DefaultDependencyHandlerBeanInfo> (0x00000000e0f50c28) thrown at [C:\src\android\AOSP-openjdk\external\jetbrains\jdk\hotspot\src\share\vm\classfile\systemDié˜QΩ≈#@
Event: 9.886 Thread 0x0000000018bc7800 Exception <a 'java/lang/ClassNotFoundException': org/gradle/api/internal/artifacts/dsl/dependencies/DefaultDependencyHandlerCustomizer> (0x00000000e0f7b620) thrown at [C:\src\android\AOSP-openjdk\external\jetbrains\jdk\hotspot\src\share\vm\classfile\system⁄ÒÛÈÜ∆#@
Event: 9.888 Thread 0x0000000018bc7800 Exception <a 'java/lang/ClassNotFoundException': org/gradle/api/internal/artifacts/dsl/dependencies/DefaultDependencyHandler_DecoratedCustomizer> (0x00000000e0fb9d80) thrown at [C:\src\android\AOSP-openjdk\external\jetbrains\jdk\hotspot\src\share\vm\classf‚SÅÀÔC$@
Event: 10.133 Thread 0x0000000018bc7800 Implicit null exception at 0x00000000029edceb to 0x00000000029ee24d

Events (10 events):
Event: 10.263 loading class org/w3c/dom/DOMConfiguration
Event: 10.263 loading class org/w3c/dom/DOMConfiguration done
Event: 10.263 loading class org/w3c/dom/ProcessingInstruction
Event: 10.263 loading class org/w3c/dom/ProcessingInstruction done
Event: 10.263 loading class org/w3c/dom/CDATASection
Event: 10.263 loading class org/w3c/dom/Text
Event: 10.263 loading class org/w3c/dom/Text done
Event: 10.263 loading class org/w3c/dom/CDATASection done
Event: 10.263 loading class org/w3c/dom/Comment
Event: 10.263 loading class org/w3c/dom/Comment done


Dynamic libraries:
0x00007ff6b2d10000 - 0x00007ff6b2d41000 	C:\ANDROID\android-studio\jre\bin\java.exe
0x00007ff8154e0000 - 0x00007ff815689000 	C:\Windows\SYSTEM32\ntdll.dll
0x00007ff814530000 - 0x00007ff81466a000 	C:\Windows\system32\KERNEL32.DLL
0x00007ff812c60000 - 0x00007ff812d6f000 	C:\Windows\system32\KERNELBASE.dll
0x00007ff8150c0000 - 0x00007ff815165000 	C:\Windows\system32\ADVAPI32.dll
0x00007ff814cf0000 - 0x00007ff814e61000 	C:\Windows\system32\USER32.dll
0x00007ff812310000 - 0x00007ff81256a000 	C:\Windows\WinSxS\amd64_microsoft.windows.common-controls_6595b64144ccf1df_6.0.9600.16384_none_62475f7becb72503\COMCTL32.dll
0x00007ff815010000 - 0x00007ff8150b7000 	C:\Windows\system32\msvcrt.dll
0x00007ff814e70000 - 0x00007ff814ec7000 	C:\Windows\SYSTEM32\sechost.dll
0x00007ff812ec0000 - 0x00007ff812ff6000 	C:\Windows\system32\RPCRT4.dll
0x00007ff812d70000 - 0x00007ff812eb5000 	C:\Windows\system32\GDI32.dll
0x00007ff814670000 - 0x00007ff8146a4000 	C:\Windows\system32\IMM32.DLL
0x00007ff814ed0000 - 0x00007ff815009000 	C:\Windows\system32\MSCTF.dll
0x0000000058120000 - 0x00000000581f2000 	C:\ANDROID\android-studio\jre\jre\bin\msvcr100.dll
0x00000000572f0000 - 0x0000000057b24000 	C:\ANDROID\android-studio\jre\jre\bin\server\jvm.dll
0x00007ff80bff0000 - 0x00007ff80bff9000 	C:\Windows\SYSTEM32\WSOCK32.dll
0x00007ff8122a0000 - 0x00007ff8122bf000 	C:\Windows\SYSTEM32\WINMM.dll
0x00007ff80d660000 - 0x00007ff80d66a000 	C:\Windows\SYSTEM32\VERSION.dll
0x00007ff8152f0000 - 0x00007ff8152f7000 	C:\Windows\system32\PSAPI.DLL
0x00007ff8144d0000 - 0x00007ff814528000 	C:\Windows\system32\WS2_32.dll
0x00007ff8112a0000 - 0x00007ff8112ca000 	C:\Windows\SYSTEM32\WINMMBASE.dll
0x00007ff814a20000 - 0x00007ff814a29000 	C:\Windows\system32\NSI.dll
0x00007ff812c10000 - 0x00007ff812c5a000 	C:\Windows\SYSTEM32\cfgmgr32.dll
0x00007ff810c90000 - 0x00007ff810cb6000 	C:\Windows\SYSTEM32\DEVOBJ.dll
0x00007ff80bfe0000 - 0x00007ff80bfef000 	C:\ANDROID\android-studio\jre\jre\bin\verify.dll
0x00007ffff81c0000 - 0x00007ffff81e9000 	C:\ANDROID\android-studio\jre\jre\bin\java.dll
0x00007ff80a540000 - 0x00007ff80a556000 	C:\ANDROID\android-studio\jre\jre\bin\zip.dll
0x00007ff813000000 - 0x00007ff81440e000 	C:\Windows\system32\SHELL32.dll
0x00007ff814b10000 - 0x00007ff814ce7000 	C:\Windows\SYSTEM32\combase.dll
0x00007ff8149c0000 - 0x00007ff814a11000 	C:\Windows\system32\SHLWAPI.dll
0x00007ff812040000 - 0x00007ff8120e1000 	C:\Windows\SYSTEM32\SHCORE.dll
0x00007ff812860000 - 0x00007ff812874000 	C:\Windows\SYSTEM32\profapi.dll
0x00007ff80a4d0000 - 0x00007ff80a4ea000 	C:\ANDROID\android-studio\jre\jre\bin\net.dll
0x00007ff811c90000 - 0x00007ff811ce8000 	C:\Windows\system32\mswsock.dll
0x00007ffff8140000 - 0x00007ffff8151000 	C:\ANDROID\android-studio\jre\jre\bin\nio.dll
0x00007ffff6d30000 - 0x00007ffff6d42000 	C:\Users\WINDOWS 8.1\.gradle\native\19\windows-amd64\native-platform.dll
0x00007ff811cf0000 - 0x00007ff811d0e000 	C:\Windows\SYSTEM32\CRYPTSP.dll
0x00007ff811930000 - 0x00007ff811965000 	C:\Windows\system32\rsaenh.dll
0x00007ff811f20000 - 0x00007ff811f46000 	C:\Windows\SYSTEM32\bcrypt.dll
0x00007ff811a40000 - 0x00007ff811a5f000 	C:\Windows\SYSTEM32\USERENV.dll
0x00007ff8126d0000 - 0x00007ff81272e000 	C:\Windows\system32\bcryptprimitives.dll
0x00007ff812730000 - 0x00007ff81273a000 	C:\Windows\SYSTEM32\CRYPTBASE.dll
0x00007ff80e6f0000 - 0x00007ff80e719000 	C:\Windows\SYSTEM32\IPHLPAPI.DLL
0x00007ff80e6c0000 - 0x00007ff80e6ca000 	C:\Windows\SYSTEM32\WINNSI.DLL
0x00007ff80df40000 - 0x00007ff80df54000 	C:\Windows\SYSTEM32\dhcpcsvc6.DLL
0x00007ff80e360000 - 0x00007ff80e379000 	C:\Windows\SYSTEM32\dhcpcsvc.DLL
0x00007ff80bfd0000 - 0x00007ff80bfdd000 	C:\ANDROID\android-studio\jre\jre\bin\management.dll
0x00007ff80b6f0000 - 0x00007ff80b878000 	C:\Windows\SYSTEM32\dbghelp.dll

VM Arguments:
jvm_args: -Xmx1536m -Dfile.encoding=windows-1252 -Duser.country=ES -Duser.language=es -Duser.variant 
java_command: org.gradle.launcher.daemon.bootstrap.GradleDaemon 2.14.1
java_class_path (initial): C:\ANDROID\android-studio\gradle\gradle-2.14.1\lib\gradle-launcher-2.14.1.jar
Launcher Type: SUN_STANDARD

Environment Variables:
PATH=C:\oraclexe\app\oracle\product\10.2.0\server\bin;C:\ProgramData\Oracle\Java\javapath;C:\Windows\system32;C:\Windows;C:\Windows\System32\Wbem;C:\Windows\System32\WindowsPowerShell\v1.0\;C:\Program Files (x86)\Windows Kits\8.1\Windows Performance Toolkit\;C:\Program Files\Microsoft SQL Server\110\Tools\Binn\;C:\Program Files\Microsoft SQL Server\Client SDK\ODBC\110\Tools\Binn\;C:\Program Files (x86)\Microsoft SQL Server\120\Tools\Binn\;C:\Program Files\Microsoft SQL Server\120\Tools\Binn\;C:\Program Files\Microsoft SQL Server\120\DTS\Binn\;C:\Program Files (x86)\Microsoft SQL Server\120\Tools\Binn\ManagementStudio\;C:\Program Files (x86)\Microsoft SQL Server\120\DTS\Binn\;C:\Program Files (x86)\pgmodeler;C:\Program Files\Java\jdk1.8.0_112\bin;C:\Program Files\Git\cmd
USERNAME=JHAS!M!N
OS=Windows_NT
PROCESSOR_IDENTIFIER=Intel64 Family 6 Model 61 Stepping 4, GenuineIntel



---------------  S Y S T E M  ---------------

OS: Windows 8.1 , 64 bit Build 9600 (6.3.9600.16384)

CPU:total 4 (2 cores per cpu, 2 threads per core) family 6 model 61 stepping 4, cmov, cx8, fxsr, mmx, sse, sse2, sse3, ssse3, sse4.1, sse4.2, popcnt, avx, avx2, aes, clmul, erms, 3dnowpref, lzcnt, ht, tsc, tscinvbit, bmi1, bmi2, adx

Memory: 4k page, physical 4103844k(1465428k free), swap 8298148k(4074168k free)

vm_info: OpenJDK 64-Bit Server VM (25.76-b03) for windows-amd64 JRE (1.8.0_76-release-b03), built on Jun 29 2016 19:09:20 by "ralucas" with MS VC++ 10.0 (VS2010)

time: Tue Dec 27 16:57:09 2016
elapsed time: 10 seconds (0d 0h 0m 10s)

